E:\REF CODE\ETHERNET-MULTI-AXIS\PUBLIC\DEMOVC\DEBUG\DEMOVC.EXE
E:\REF CODE\ETHERNET-MULTI-AXIS\PUBLIC\DEMOVC\DEBUG\DEMOVC.ILK
E:\REF CODE\ETHERNET-MULTI-AXIS\PUBLIC\DEMOVC\DEBUG\DEMOVC.PDB
E:\Ref Code\Ethernet-Multi-Axis\Public\DemoVC\DemoVC\Debug\cl.command.1.tlog
E:\Ref Code\Ethernet-Multi-Axis\Public\DemoVC\DemoVC\Debug\CL.read.1.tlog
E:\Ref Code\Ethernet-Multi-Axis\Public\DemoVC\DemoVC\Debug\CL.write.1.tlog
E:\Ref Code\Ethernet-Multi-Axis\Public\DemoVC\DemoVC\Debug\DemoVC.exe.embed.manifest
E:\REF CODE\ETHERNET-MULTI-AXIS\PUBLIC\DEMOVC\DEMOVC\DEBUG\DEMOVC.EXE.EMBED.MANIFEST.RES
E:\REF CODE\ETHERNET-MULTI-AXIS\PUBLIC\DEMOVC\DEMOVC\DEBUG\DEMOVC.EXE.INTERMEDIATE.MANIFEST
E:\REF CODE\ETHERNET-MULTI-AXIS\PUBLIC\DEMOVC\DEMOVC\DEBUG\DEMOVC.OBJ
E:\REF CODE\ETHERNET-MULTI-AXIS\PUBLIC\DEMOVC\DEMOVC\DEBUG\DEMOVC.PCH
E:\REF CODE\ETHERNET-MULTI-AXIS\PUBLIC\DEMOVC\DEMOVC\DEBUG\DEMOVC.RES
E:\Ref Code\Ethernet-Multi-Axis\Public\DemoVC\DemoVC\Debug\DemoVC.vcxprojResolveAssemblyReference.cache
E:\Ref Code\Ethernet-Multi-Axis\Public\DemoVC\DemoVC\Debug\DemoVC.write.1.tlog
E:\Ref Code\Ethernet-Multi-Axis\Public\DemoVC\DemoVC\Debug\DemoVC_manifest.rc
E:\REF CODE\ETHERNET-MULTI-AXIS\PUBLIC\DEMOVC\DEMOVC\DEBUG\DEMOVCDLG.OBJ
E:\Ref Code\Ethernet-Multi-Axis\Public\DemoVC\DemoVC\Debug\link.10064.read.1.tlog
E:\Ref Code\Ethernet-Multi-Axis\Public\DemoVC\DemoVC\Debug\link.10064.write.1.tlog
E:\Ref Code\Ethernet-Multi-Axis\Public\DemoVC\DemoVC\Debug\link.10064-cvtres.read.1.tlog
E:\Ref Code\Ethernet-Multi-Axis\Public\DemoVC\DemoVC\Debug\link.10064-cvtres.write.1.tlog
E:\Ref Code\Ethernet-Multi-Axis\Public\DemoVC\DemoVC\Debug\link.10248.read.1.tlog
E:\Ref Code\Ethernet-Multi-Axis\Public\DemoVC\DemoVC\Debug\link.10248.write.1.tlog
E:\Ref Code\Ethernet-Multi-Axis\Public\DemoVC\DemoVC\Debug\link.10248-cvtres.read.1.tlog
E:\Ref Code\Ethernet-Multi-Axis\Public\DemoVC\DemoVC\Debug\link.10248-cvtres.write.1.tlog
E:\Ref Code\Ethernet-Multi-Axis\Public\DemoVC\DemoVC\Debug\link.10508.read.1.tlog
E:\Ref Code\Ethernet-Multi-Axis\Public\DemoVC\DemoVC\Debug\link.10508.write.1.tlog
E:\Ref Code\Ethernet-Multi-Axis\Public\DemoVC\DemoVC\Debug\link.10508-cvtres.read.1.tlog
E:\Ref Code\Ethernet-Multi-Axis\Public\DemoVC\DemoVC\Debug\link.10508-cvtres.write.1.tlog
E:\Ref Code\Ethernet-Multi-Axis\Public\DemoVC\DemoVC\Debug\link.10968.read.1.tlog
E:\Ref Code\Ethernet-Multi-Axis\Public\DemoVC\DemoVC\Debug\link.10968.write.1.tlog
E:\Ref Code\Ethernet-Multi-Axis\Public\DemoVC\DemoVC\Debug\link.10968-cvtres.read.1.tlog
E:\Ref Code\Ethernet-Multi-Axis\Public\DemoVC\DemoVC\Debug\link.10968-cvtres.write.1.tlog
E:\Ref Code\Ethernet-Multi-Axis\Public\DemoVC\DemoVC\Debug\link.11020.read.1.tlog
E:\Ref Code\Ethernet-Multi-Axis\Public\DemoVC\DemoVC\Debug\link.11020.write.1.tlog
E:\Ref Code\Ethernet-Multi-Axis\Public\DemoVC\DemoVC\Debug\link.11020-cvtres.read.1.tlog
E:\Ref Code\Ethernet-Multi-Axis\Public\DemoVC\DemoVC\Debug\link.11020-cvtres.write.1.tlog
E:\Ref Code\Ethernet-Multi-Axis\Public\DemoVC\DemoVC\Debug\link.11204.read.1.tlog
E:\Ref Code\Ethernet-Multi-Axis\Public\DemoVC\DemoVC\Debug\link.11204.write.1.tlog
E:\Ref Code\Ethernet-Multi-Axis\Public\DemoVC\DemoVC\Debug\link.11204-cvtres.read.1.tlog
E:\Ref Code\Ethernet-Multi-Axis\Public\DemoVC\DemoVC\Debug\link.11204-cvtres.write.1.tlog
E:\Ref Code\Ethernet-Multi-Axis\Public\DemoVC\DemoVC\Debug\link.11328.read.1.tlog
E:\Ref Code\Ethernet-Multi-Axis\Public\DemoVC\DemoVC\Debug\link.11328.write.1.tlog
E:\Ref Code\Ethernet-Multi-Axis\Public\DemoVC\DemoVC\Debug\link.11328-cvtres.read.1.tlog
E:\Ref Code\Ethernet-Multi-Axis\Public\DemoVC\DemoVC\Debug\link.11328-cvtres.write.1.tlog
E:\Ref Code\Ethernet-Multi-Axis\Public\DemoVC\DemoVC\Debug\link.11368.read.1.tlog
E:\Ref Code\Ethernet-Multi-Axis\Public\DemoVC\DemoVC\Debug\link.11368.write.1.tlog
E:\Ref Code\Ethernet-Multi-Axis\Public\DemoVC\DemoVC\Debug\link.11368-cvtres.read.1.tlog
E:\Ref Code\Ethernet-Multi-Axis\Public\DemoVC\DemoVC\Debug\link.11368-cvtres.write.1.tlog
E:\Ref Code\Ethernet-Multi-Axis\Public\DemoVC\DemoVC\Debug\link.11740.read.1.tlog
E:\Ref Code\Ethernet-Multi-Axis\Public\DemoVC\DemoVC\Debug\link.11740.write.1.tlog
E:\Ref Code\Ethernet-Multi-Axis\Public\DemoVC\DemoVC\Debug\link.11740-cvtres.read.1.tlog
E:\Ref Code\Ethernet-Multi-Axis\Public\DemoVC\DemoVC\Debug\link.11740-cvtres.write.1.tlog
E:\Ref Code\Ethernet-Multi-Axis\Public\DemoVC\DemoVC\Debug\link.11780.read.1.tlog
E:\Ref Code\Ethernet-Multi-Axis\Public\DemoVC\DemoVC\Debug\link.11780.write.1.tlog
E:\Ref Code\Ethernet-Multi-Axis\Public\DemoVC\DemoVC\Debug\link.11780-cvtres.read.1.tlog
E:\Ref Code\Ethernet-Multi-Axis\Public\DemoVC\DemoVC\Debug\link.11780-cvtres.write.1.tlog
E:\Ref Code\Ethernet-Multi-Axis\Public\DemoVC\DemoVC\Debug\link.1192.read.1.tlog
E:\Ref Code\Ethernet-Multi-Axis\Public\DemoVC\DemoVC\Debug\link.1192.write.1.tlog
E:\Ref Code\Ethernet-Multi-Axis\Public\DemoVC\DemoVC\Debug\link.11924.read.1.tlog
E:\Ref Code\Ethernet-Multi-Axis\Public\DemoVC\DemoVC\Debug\link.11924.write.1.tlog
E:\Ref Code\Ethernet-Multi-Axis\Public\DemoVC\DemoVC\Debug\link.11924-cvtres.read.1.tlog
E:\Ref Code\Ethernet-Multi-Axis\Public\DemoVC\DemoVC\Debug\link.11924-cvtres.write.1.tlog
E:\Ref Code\Ethernet-Multi-Axis\Public\DemoVC\DemoVC\Debug\link.1192-cvtres.read.1.tlog
E:\Ref Code\Ethernet-Multi-Axis\Public\DemoVC\DemoVC\Debug\link.1192-cvtres.write.1.tlog
E:\Ref Code\Ethernet-Multi-Axis\Public\DemoVC\DemoVC\Debug\link.13024.read.1.tlog
E:\Ref Code\Ethernet-Multi-Axis\Public\DemoVC\DemoVC\Debug\link.13024.write.1.tlog
E:\Ref Code\Ethernet-Multi-Axis\Public\DemoVC\DemoVC\Debug\link.13024-cvtres.read.1.tlog
E:\Ref Code\Ethernet-Multi-Axis\Public\DemoVC\DemoVC\Debug\link.13024-cvtres.write.1.tlog
E:\Ref Code\Ethernet-Multi-Axis\Public\DemoVC\DemoVC\Debug\link.13064.read.1.tlog
E:\Ref Code\Ethernet-Multi-Axis\Public\DemoVC\DemoVC\Debug\link.13064.write.1.tlog
E:\Ref Code\Ethernet-Multi-Axis\Public\DemoVC\DemoVC\Debug\link.13064-cvtres.read.1.tlog
E:\Ref Code\Ethernet-Multi-Axis\Public\DemoVC\DemoVC\Debug\link.13064-cvtres.write.1.tlog
E:\Ref Code\Ethernet-Multi-Axis\Public\DemoVC\DemoVC\Debug\link.13144.read.1.tlog
E:\Ref Code\Ethernet-Multi-Axis\Public\DemoVC\DemoVC\Debug\link.13144.write.1.tlog
E:\Ref Code\Ethernet-Multi-Axis\Public\DemoVC\DemoVC\Debug\link.13144-cvtres.read.1.tlog
E:\Ref Code\Ethernet-Multi-Axis\Public\DemoVC\DemoVC\Debug\link.13144-cvtres.write.1.tlog
E:\Ref Code\Ethernet-Multi-Axis\Public\DemoVC\DemoVC\Debug\link.13388.read.1.tlog
E:\Ref Code\Ethernet-Multi-Axis\Public\DemoVC\DemoVC\Debug\link.13388.write.1.tlog
E:\Ref Code\Ethernet-Multi-Axis\Public\DemoVC\DemoVC\Debug\link.13388-cvtres.read.1.tlog
E:\Ref Code\Ethernet-Multi-Axis\Public\DemoVC\DemoVC\Debug\link.13388-cvtres.write.1.tlog
E:\Ref Code\Ethernet-Multi-Axis\Public\DemoVC\DemoVC\Debug\link.1344.read.1.tlog
E:\Ref Code\Ethernet-Multi-Axis\Public\DemoVC\DemoVC\Debug\link.1344.write.1.tlog
E:\Ref Code\Ethernet-Multi-Axis\Public\DemoVC\DemoVC\Debug\link.1344-cvtres.read.1.tlog
E:\Ref Code\Ethernet-Multi-Axis\Public\DemoVC\DemoVC\Debug\link.1344-cvtres.write.1.tlog
E:\Ref Code\Ethernet-Multi-Axis\Public\DemoVC\DemoVC\Debug\link.13468.read.1.tlog
E:\Ref Code\Ethernet-Multi-Axis\Public\DemoVC\DemoVC\Debug\link.13468.write.1.tlog
E:\Ref Code\Ethernet-Multi-Axis\Public\DemoVC\DemoVC\Debug\link.13468-cvtres.read.1.tlog
E:\Ref Code\Ethernet-Multi-Axis\Public\DemoVC\DemoVC\Debug\link.13468-cvtres.write.1.tlog
E:\Ref Code\Ethernet-Multi-Axis\Public\DemoVC\DemoVC\Debug\link.1380.read.1.tlog
E:\Ref Code\Ethernet-Multi-Axis\Public\DemoVC\DemoVC\Debug\link.1380.write.1.tlog
E:\Ref Code\Ethernet-Multi-Axis\Public\DemoVC\DemoVC\Debug\link.1380-cvtres.read.1.tlog
E:\Ref Code\Ethernet-Multi-Axis\Public\DemoVC\DemoVC\Debug\link.1380-cvtres.write.1.tlog
E:\Ref Code\Ethernet-Multi-Axis\Public\DemoVC\DemoVC\Debug\link.1392.read.1.tlog
E:\Ref Code\Ethernet-Multi-Axis\Public\DemoVC\DemoVC\Debug\link.1392.write.1.tlog
E:\Ref Code\Ethernet-Multi-Axis\Public\DemoVC\DemoVC\Debug\link.1392-cvtres.read.1.tlog
E:\Ref Code\Ethernet-Multi-Axis\Public\DemoVC\DemoVC\Debug\link.1392-cvtres.write.1.tlog
E:\Ref Code\Ethernet-Multi-Axis\Public\DemoVC\DemoVC\Debug\link.14328.read.1.tlog
E:\Ref Code\Ethernet-Multi-Axis\Public\DemoVC\DemoVC\Debug\link.14328.write.1.tlog
E:\Ref Code\Ethernet-Multi-Axis\Public\DemoVC\DemoVC\Debug\link.14328-cvtres.read.1.tlog
E:\Ref Code\Ethernet-Multi-Axis\Public\DemoVC\DemoVC\Debug\link.14328-cvtres.write.1.tlog
E:\Ref Code\Ethernet-Multi-Axis\Public\DemoVC\DemoVC\Debug\link.14672.read.1.tlog
E:\Ref Code\Ethernet-Multi-Axis\Public\DemoVC\DemoVC\Debug\link.14672.write.1.tlog
E:\Ref Code\Ethernet-Multi-Axis\Public\DemoVC\DemoVC\Debug\link.14672-cvtres.read.1.tlog
E:\Ref Code\Ethernet-Multi-Axis\Public\DemoVC\DemoVC\Debug\link.14672-cvtres.write.1.tlog
E:\Ref Code\Ethernet-Multi-Axis\Public\DemoVC\DemoVC\Debug\link.14700.read.1.tlog
E:\Ref Code\Ethernet-Multi-Axis\Public\DemoVC\DemoVC\Debug\link.14700.write.1.tlog
E:\Ref Code\Ethernet-Multi-Axis\Public\DemoVC\DemoVC\Debug\link.14700-cvtres.read.1.tlog
E:\Ref Code\Ethernet-Multi-Axis\Public\DemoVC\DemoVC\Debug\link.14700-cvtres.write.1.tlog
E:\Ref Code\Ethernet-Multi-Axis\Public\DemoVC\DemoVC\Debug\link.14740.read.1.tlog
E:\Ref Code\Ethernet-Multi-Axis\Public\DemoVC\DemoVC\Debug\link.14740.write.1.tlog
E:\Ref Code\Ethernet-Multi-Axis\Public\DemoVC\DemoVC\Debug\link.14740-cvtres.read.1.tlog
E:\Ref Code\Ethernet-Multi-Axis\Public\DemoVC\DemoVC\Debug\link.14740-cvtres.write.1.tlog
E:\Ref Code\Ethernet-Multi-Axis\Public\DemoVC\DemoVC\Debug\link.14772.read.1.tlog
E:\Ref Code\Ethernet-Multi-Axis\Public\DemoVC\DemoVC\Debug\link.14772.write.1.tlog
E:\Ref Code\Ethernet-Multi-Axis\Public\DemoVC\DemoVC\Debug\link.14772-cvtres.read.1.tlog
E:\Ref Code\Ethernet-Multi-Axis\Public\DemoVC\DemoVC\Debug\link.14772-cvtres.write.1.tlog
E:\Ref Code\Ethernet-Multi-Axis\Public\DemoVC\DemoVC\Debug\link.14844.read.1.tlog
E:\Ref Code\Ethernet-Multi-Axis\Public\DemoVC\DemoVC\Debug\link.14844.write.1.tlog
E:\Ref Code\Ethernet-Multi-Axis\Public\DemoVC\DemoVC\Debug\link.14844-cvtres.read.1.tlog
E:\Ref Code\Ethernet-Multi-Axis\Public\DemoVC\DemoVC\Debug\link.14844-cvtres.write.1.tlog
E:\Ref Code\Ethernet-Multi-Axis\Public\DemoVC\DemoVC\Debug\link.14888.read.1.tlog
E:\Ref Code\Ethernet-Multi-Axis\Public\DemoVC\DemoVC\Debug\link.14888.write.1.tlog
E:\Ref Code\Ethernet-Multi-Axis\Public\DemoVC\DemoVC\Debug\link.14888-cvtres.read.1.tlog
E:\Ref Code\Ethernet-Multi-Axis\Public\DemoVC\DemoVC\Debug\link.14888-cvtres.write.1.tlog
E:\Ref Code\Ethernet-Multi-Axis\Public\DemoVC\DemoVC\Debug\link.15304.read.1.tlog
E:\Ref Code\Ethernet-Multi-Axis\Public\DemoVC\DemoVC\Debug\link.15304.write.1.tlog
E:\Ref Code\Ethernet-Multi-Axis\Public\DemoVC\DemoVC\Debug\link.15304-cvtres.read.1.tlog
E:\Ref Code\Ethernet-Multi-Axis\Public\DemoVC\DemoVC\Debug\link.15304-cvtres.write.1.tlog
E:\Ref Code\Ethernet-Multi-Axis\Public\DemoVC\DemoVC\Debug\link.15376.read.1.tlog
E:\Ref Code\Ethernet-Multi-Axis\Public\DemoVC\DemoVC\Debug\link.15376.write.1.tlog
E:\Ref Code\Ethernet-Multi-Axis\Public\DemoVC\DemoVC\Debug\link.15376-cvtres.read.1.tlog
E:\Ref Code\Ethernet-Multi-Axis\Public\DemoVC\DemoVC\Debug\link.15376-cvtres.write.1.tlog
E:\Ref Code\Ethernet-Multi-Axis\Public\DemoVC\DemoVC\Debug\link.15560.read.1.tlog
E:\Ref Code\Ethernet-Multi-Axis\Public\DemoVC\DemoVC\Debug\link.15560.write.1.tlog
E:\Ref Code\Ethernet-Multi-Axis\Public\DemoVC\DemoVC\Debug\link.15560-cvtres.read.1.tlog
E:\Ref Code\Ethernet-Multi-Axis\Public\DemoVC\DemoVC\Debug\link.15560-cvtres.write.1.tlog
E:\Ref Code\Ethernet-Multi-Axis\Public\DemoVC\DemoVC\Debug\link.1572.read.1.tlog
E:\Ref Code\Ethernet-Multi-Axis\Public\DemoVC\DemoVC\Debug\link.1572.write.1.tlog
E:\Ref Code\Ethernet-Multi-Axis\Public\DemoVC\DemoVC\Debug\link.15760.read.1.tlog
E:\Ref Code\Ethernet-Multi-Axis\Public\DemoVC\DemoVC\Debug\link.15760.write.1.tlog
E:\Ref Code\Ethernet-Multi-Axis\Public\DemoVC\DemoVC\Debug\link.15760-cvtres.read.1.tlog
E:\Ref Code\Ethernet-Multi-Axis\Public\DemoVC\DemoVC\Debug\link.15760-cvtres.write.1.tlog
E:\Ref Code\Ethernet-Multi-Axis\Public\DemoVC\DemoVC\Debug\link.15800.read.1.tlog
E:\Ref Code\Ethernet-Multi-Axis\Public\DemoVC\DemoVC\Debug\link.15800.write.1.tlog
E:\Ref Code\Ethernet-Multi-Axis\Public\DemoVC\DemoVC\Debug\link.15800-cvtres.read.1.tlog
E:\Ref Code\Ethernet-Multi-Axis\Public\DemoVC\DemoVC\Debug\link.15800-cvtres.write.1.tlog
E:\Ref Code\Ethernet-Multi-Axis\Public\DemoVC\DemoVC\Debug\link.16064.read.1.tlog
E:\Ref Code\Ethernet-Multi-Axis\Public\DemoVC\DemoVC\Debug\link.16064.write.1.tlog
E:\Ref Code\Ethernet-Multi-Axis\Public\DemoVC\DemoVC\Debug\link.16064-cvtres.read.1.tlog
E:\Ref Code\Ethernet-Multi-Axis\Public\DemoVC\DemoVC\Debug\link.16064-cvtres.write.1.tlog
E:\Ref Code\Ethernet-Multi-Axis\Public\DemoVC\DemoVC\Debug\link.16260.read.1.tlog
E:\Ref Code\Ethernet-Multi-Axis\Public\DemoVC\DemoVC\Debug\link.16260.write.1.tlog
E:\Ref Code\Ethernet-Multi-Axis\Public\DemoVC\DemoVC\Debug\link.16260-cvtres.read.1.tlog
E:\Ref Code\Ethernet-Multi-Axis\Public\DemoVC\DemoVC\Debug\link.16260-cvtres.write.1.tlog
E:\Ref Code\Ethernet-Multi-Axis\Public\DemoVC\DemoVC\Debug\link.16276.read.1.tlog
E:\Ref Code\Ethernet-Multi-Axis\Public\DemoVC\DemoVC\Debug\link.16276.write.1.tlog
E:\Ref Code\Ethernet-Multi-Axis\Public\DemoVC\DemoVC\Debug\link.16276-cvtres.read.1.tlog
E:\Ref Code\Ethernet-Multi-Axis\Public\DemoVC\DemoVC\Debug\link.16276-cvtres.write.1.tlog
E:\Ref Code\Ethernet-Multi-Axis\Public\DemoVC\DemoVC\Debug\link.16292.read.1.tlog
E:\Ref Code\Ethernet-Multi-Axis\Public\DemoVC\DemoVC\Debug\link.16292.write.1.tlog
E:\Ref Code\Ethernet-Multi-Axis\Public\DemoVC\DemoVC\Debug\link.16292-cvtres.read.1.tlog
E:\Ref Code\Ethernet-Multi-Axis\Public\DemoVC\DemoVC\Debug\link.16292-cvtres.write.1.tlog
E:\Ref Code\Ethernet-Multi-Axis\Public\DemoVC\DemoVC\Debug\link.16336.read.1.tlog
E:\Ref Code\Ethernet-Multi-Axis\Public\DemoVC\DemoVC\Debug\link.16336.write.1.tlog
E:\Ref Code\Ethernet-Multi-Axis\Public\DemoVC\DemoVC\Debug\link.16336-cvtres.read.1.tlog
E:\Ref Code\Ethernet-Multi-Axis\Public\DemoVC\DemoVC\Debug\link.16336-cvtres.write.1.tlog
E:\Ref Code\Ethernet-Multi-Axis\Public\DemoVC\DemoVC\Debug\link.16444.read.1.tlog
E:\Ref Code\Ethernet-Multi-Axis\Public\DemoVC\DemoVC\Debug\link.16444.write.1.tlog
E:\Ref Code\Ethernet-Multi-Axis\Public\DemoVC\DemoVC\Debug\link.16444-cvtres.read.1.tlog
E:\Ref Code\Ethernet-Multi-Axis\Public\DemoVC\DemoVC\Debug\link.16444-cvtres.write.1.tlog
E:\Ref Code\Ethernet-Multi-Axis\Public\DemoVC\DemoVC\Debug\link.16504.read.1.tlog
E:\Ref Code\Ethernet-Multi-Axis\Public\DemoVC\DemoVC\Debug\link.16504.write.1.tlog
E:\Ref Code\Ethernet-Multi-Axis\Public\DemoVC\DemoVC\Debug\link.16504-cvtres.read.1.tlog
E:\Ref Code\Ethernet-Multi-Axis\Public\DemoVC\DemoVC\Debug\link.16504-cvtres.write.1.tlog
E:\Ref Code\Ethernet-Multi-Axis\Public\DemoVC\DemoVC\Debug\link.17000.read.1.tlog
E:\Ref Code\Ethernet-Multi-Axis\Public\DemoVC\DemoVC\Debug\link.17000.write.1.tlog
E:\Ref Code\Ethernet-Multi-Axis\Public\DemoVC\DemoVC\Debug\link.17000-cvtres.read.1.tlog
E:\Ref Code\Ethernet-Multi-Axis\Public\DemoVC\DemoVC\Debug\link.17000-cvtres.write.1.tlog
E:\Ref Code\Ethernet-Multi-Axis\Public\DemoVC\DemoVC\Debug\link.17024.read.1.tlog
E:\Ref Code\Ethernet-Multi-Axis\Public\DemoVC\DemoVC\Debug\link.17024.write.1.tlog
E:\Ref Code\Ethernet-Multi-Axis\Public\DemoVC\DemoVC\Debug\link.17024-cvtres.read.1.tlog
E:\Ref Code\Ethernet-Multi-Axis\Public\DemoVC\DemoVC\Debug\link.17024-cvtres.write.1.tlog
E:\Ref Code\Ethernet-Multi-Axis\Public\DemoVC\DemoVC\Debug\link.17216.read.1.tlog
E:\Ref Code\Ethernet-Multi-Axis\Public\DemoVC\DemoVC\Debug\link.17216.write.1.tlog
E:\Ref Code\Ethernet-Multi-Axis\Public\DemoVC\DemoVC\Debug\link.17216-cvtres.read.1.tlog
E:\Ref Code\Ethernet-Multi-Axis\Public\DemoVC\DemoVC\Debug\link.17216-cvtres.write.1.tlog
E:\Ref Code\Ethernet-Multi-Axis\Public\DemoVC\DemoVC\Debug\link.17232.read.1.tlog
E:\Ref Code\Ethernet-Multi-Axis\Public\DemoVC\DemoVC\Debug\link.17232.write.1.tlog
E:\Ref Code\Ethernet-Multi-Axis\Public\DemoVC\DemoVC\Debug\link.17232-cvtres.read.1.tlog
E:\Ref Code\Ethernet-Multi-Axis\Public\DemoVC\DemoVC\Debug\link.17232-cvtres.write.1.tlog
E:\Ref Code\Ethernet-Multi-Axis\Public\DemoVC\DemoVC\Debug\link.17520.read.1.tlog
E:\Ref Code\Ethernet-Multi-Axis\Public\DemoVC\DemoVC\Debug\link.17520.write.1.tlog
E:\Ref Code\Ethernet-Multi-Axis\Public\DemoVC\DemoVC\Debug\link.17520-cvtres.read.1.tlog
E:\Ref Code\Ethernet-Multi-Axis\Public\DemoVC\DemoVC\Debug\link.17520-cvtres.write.1.tlog
E:\Ref Code\Ethernet-Multi-Axis\Public\DemoVC\DemoVC\Debug\link.17528.read.1.tlog
E:\Ref Code\Ethernet-Multi-Axis\Public\DemoVC\DemoVC\Debug\link.17528.write.1.tlog
E:\Ref Code\Ethernet-Multi-Axis\Public\DemoVC\DemoVC\Debug\link.17528-cvtres.read.1.tlog
E:\Ref Code\Ethernet-Multi-Axis\Public\DemoVC\DemoVC\Debug\link.17528-cvtres.write.1.tlog
E:\Ref Code\Ethernet-Multi-Axis\Public\DemoVC\DemoVC\Debug\link.17548.read.1.tlog
E:\Ref Code\Ethernet-Multi-Axis\Public\DemoVC\DemoVC\Debug\link.17548.write.1.tlog
E:\Ref Code\Ethernet-Multi-Axis\Public\DemoVC\DemoVC\Debug\link.17548-cvtres.read.1.tlog
E:\Ref Code\Ethernet-Multi-Axis\Public\DemoVC\DemoVC\Debug\link.17548-cvtres.write.1.tlog
E:\Ref Code\Ethernet-Multi-Axis\Public\DemoVC\DemoVC\Debug\link.17808.read.1.tlog
E:\Ref Code\Ethernet-Multi-Axis\Public\DemoVC\DemoVC\Debug\link.17808.write.1.tlog
E:\Ref Code\Ethernet-Multi-Axis\Public\DemoVC\DemoVC\Debug\link.17808-cvtres.read.1.tlog
E:\Ref Code\Ethernet-Multi-Axis\Public\DemoVC\DemoVC\Debug\link.17808-cvtres.write.1.tlog
E:\Ref Code\Ethernet-Multi-Axis\Public\DemoVC\DemoVC\Debug\link.17916.read.1.tlog
E:\Ref Code\Ethernet-Multi-Axis\Public\DemoVC\DemoVC\Debug\link.17916.write.1.tlog
E:\Ref Code\Ethernet-Multi-Axis\Public\DemoVC\DemoVC\Debug\link.17916-cvtres.read.1.tlog
E:\Ref Code\Ethernet-Multi-Axis\Public\DemoVC\DemoVC\Debug\link.17916-cvtres.write.1.tlog
E:\Ref Code\Ethernet-Multi-Axis\Public\DemoVC\DemoVC\Debug\link.17968.read.1.tlog
E:\Ref Code\Ethernet-Multi-Axis\Public\DemoVC\DemoVC\Debug\link.17968.write.1.tlog
E:\Ref Code\Ethernet-Multi-Axis\Public\DemoVC\DemoVC\Debug\link.17968-cvtres.read.1.tlog
E:\Ref Code\Ethernet-Multi-Axis\Public\DemoVC\DemoVC\Debug\link.17968-cvtres.write.1.tlog
E:\Ref Code\Ethernet-Multi-Axis\Public\DemoVC\DemoVC\Debug\link.18288.read.1.tlog
E:\Ref Code\Ethernet-Multi-Axis\Public\DemoVC\DemoVC\Debug\link.18288.write.1.tlog
E:\Ref Code\Ethernet-Multi-Axis\Public\DemoVC\DemoVC\Debug\link.18288-cvtres.read.1.tlog
E:\Ref Code\Ethernet-Multi-Axis\Public\DemoVC\DemoVC\Debug\link.18288-cvtres.write.1.tlog
E:\Ref Code\Ethernet-Multi-Axis\Public\DemoVC\DemoVC\Debug\link.18364.read.1.tlog
E:\Ref Code\Ethernet-Multi-Axis\Public\DemoVC\DemoVC\Debug\link.18364.write.1.tlog
E:\Ref Code\Ethernet-Multi-Axis\Public\DemoVC\DemoVC\Debug\link.18364-cvtres.read.1.tlog
E:\Ref Code\Ethernet-Multi-Axis\Public\DemoVC\DemoVC\Debug\link.18364-cvtres.write.1.tlog
E:\Ref Code\Ethernet-Multi-Axis\Public\DemoVC\DemoVC\Debug\link.18540.read.1.tlog
E:\Ref Code\Ethernet-Multi-Axis\Public\DemoVC\DemoVC\Debug\link.18540.write.1.tlog
E:\Ref Code\Ethernet-Multi-Axis\Public\DemoVC\DemoVC\Debug\link.18540-cvtres.read.1.tlog
E:\Ref Code\Ethernet-Multi-Axis\Public\DemoVC\DemoVC\Debug\link.18540-cvtres.write.1.tlog
E:\Ref Code\Ethernet-Multi-Axis\Public\DemoVC\DemoVC\Debug\link.18564.read.1.tlog
E:\Ref Code\Ethernet-Multi-Axis\Public\DemoVC\DemoVC\Debug\link.18564.write.1.tlog
E:\Ref Code\Ethernet-Multi-Axis\Public\DemoVC\DemoVC\Debug\link.18564-cvtres.read.1.tlog
E:\Ref Code\Ethernet-Multi-Axis\Public\DemoVC\DemoVC\Debug\link.18564-cvtres.write.1.tlog
E:\Ref Code\Ethernet-Multi-Axis\Public\DemoVC\DemoVC\Debug\link.18716.read.1.tlog
E:\Ref Code\Ethernet-Multi-Axis\Public\DemoVC\DemoVC\Debug\link.18716.write.1.tlog
E:\Ref Code\Ethernet-Multi-Axis\Public\DemoVC\DemoVC\Debug\link.18716-cvtres.read.1.tlog
E:\Ref Code\Ethernet-Multi-Axis\Public\DemoVC\DemoVC\Debug\link.18716-cvtres.write.1.tlog
E:\Ref Code\Ethernet-Multi-Axis\Public\DemoVC\DemoVC\Debug\link.18760.read.1.tlog
E:\Ref Code\Ethernet-Multi-Axis\Public\DemoVC\DemoVC\Debug\link.18760.write.1.tlog
E:\Ref Code\Ethernet-Multi-Axis\Public\DemoVC\DemoVC\Debug\link.18760-cvtres.read.1.tlog
E:\Ref Code\Ethernet-Multi-Axis\Public\DemoVC\DemoVC\Debug\link.18760-cvtres.write.1.tlog
E:\Ref Code\Ethernet-Multi-Axis\Public\DemoVC\DemoVC\Debug\link.1880.read.1.tlog
E:\Ref Code\Ethernet-Multi-Axis\Public\DemoVC\DemoVC\Debug\link.1880.write.1.tlog
E:\Ref Code\Ethernet-Multi-Axis\Public\DemoVC\DemoVC\Debug\link.1880-cvtres.read.1.tlog
E:\Ref Code\Ethernet-Multi-Axis\Public\DemoVC\DemoVC\Debug\link.1880-cvtres.write.1.tlog
E:\Ref Code\Ethernet-Multi-Axis\Public\DemoVC\DemoVC\Debug\link.18852.read.1.tlog
E:\Ref Code\Ethernet-Multi-Axis\Public\DemoVC\DemoVC\Debug\link.18852.write.1.tlog
E:\Ref Code\Ethernet-Multi-Axis\Public\DemoVC\DemoVC\Debug\link.18852-cvtres.read.1.tlog
E:\Ref Code\Ethernet-Multi-Axis\Public\DemoVC\DemoVC\Debug\link.18852-cvtres.write.1.tlog
E:\Ref Code\Ethernet-Multi-Axis\Public\DemoVC\DemoVC\Debug\link.18896.read.1.tlog
E:\Ref Code\Ethernet-Multi-Axis\Public\DemoVC\DemoVC\Debug\link.18896.write.1.tlog
E:\Ref Code\Ethernet-Multi-Axis\Public\DemoVC\DemoVC\Debug\link.18896-cvtres.read.1.tlog
E:\Ref Code\Ethernet-Multi-Axis\Public\DemoVC\DemoVC\Debug\link.18896-cvtres.write.1.tlog
E:\Ref Code\Ethernet-Multi-Axis\Public\DemoVC\DemoVC\Debug\link.18940.read.1.tlog
E:\Ref Code\Ethernet-Multi-Axis\Public\DemoVC\DemoVC\Debug\link.18940.write.1.tlog
E:\Ref Code\Ethernet-Multi-Axis\Public\DemoVC\DemoVC\Debug\link.18940-cvtres.read.1.tlog
E:\Ref Code\Ethernet-Multi-Axis\Public\DemoVC\DemoVC\Debug\link.18940-cvtres.write.1.tlog
E:\Ref Code\Ethernet-Multi-Axis\Public\DemoVC\DemoVC\Debug\link.19092.read.1.tlog
E:\Ref Code\Ethernet-Multi-Axis\Public\DemoVC\DemoVC\Debug\link.19092.write.1.tlog
E:\Ref Code\Ethernet-Multi-Axis\Public\DemoVC\DemoVC\Debug\link.19092-cvtres.read.1.tlog
E:\Ref Code\Ethernet-Multi-Axis\Public\DemoVC\DemoVC\Debug\link.19092-cvtres.write.1.tlog
E:\Ref Code\Ethernet-Multi-Axis\Public\DemoVC\DemoVC\Debug\link.19276.read.1.tlog
E:\Ref Code\Ethernet-Multi-Axis\Public\DemoVC\DemoVC\Debug\link.19276.write.1.tlog
E:\Ref Code\Ethernet-Multi-Axis\Public\DemoVC\DemoVC\Debug\link.19276-cvtres.read.1.tlog
E:\Ref Code\Ethernet-Multi-Axis\Public\DemoVC\DemoVC\Debug\link.19276-cvtres.write.1.tlog
E:\Ref Code\Ethernet-Multi-Axis\Public\DemoVC\DemoVC\Debug\link.19344.read.1.tlog
E:\Ref Code\Ethernet-Multi-Axis\Public\DemoVC\DemoVC\Debug\link.19344.write.1.tlog
E:\Ref Code\Ethernet-Multi-Axis\Public\DemoVC\DemoVC\Debug\link.19344-cvtres.read.1.tlog
E:\Ref Code\Ethernet-Multi-Axis\Public\DemoVC\DemoVC\Debug\link.19344-cvtres.write.1.tlog
E:\Ref Code\Ethernet-Multi-Axis\Public\DemoVC\DemoVC\Debug\link.19356.read.1.tlog
E:\Ref Code\Ethernet-Multi-Axis\Public\DemoVC\DemoVC\Debug\link.19356.write.1.tlog
E:\Ref Code\Ethernet-Multi-Axis\Public\DemoVC\DemoVC\Debug\link.19356-cvtres.read.1.tlog
E:\Ref Code\Ethernet-Multi-Axis\Public\DemoVC\DemoVC\Debug\link.19356-cvtres.write.1.tlog
E:\Ref Code\Ethernet-Multi-Axis\Public\DemoVC\DemoVC\Debug\link.1964.read.1.tlog
E:\Ref Code\Ethernet-Multi-Axis\Public\DemoVC\DemoVC\Debug\link.1964.write.1.tlog
E:\Ref Code\Ethernet-Multi-Axis\Public\DemoVC\DemoVC\Debug\link.1964-cvtres.read.1.tlog
E:\Ref Code\Ethernet-Multi-Axis\Public\DemoVC\DemoVC\Debug\link.1964-cvtres.write.1.tlog
E:\Ref Code\Ethernet-Multi-Axis\Public\DemoVC\DemoVC\Debug\link.19776.read.1.tlog
E:\Ref Code\Ethernet-Multi-Axis\Public\DemoVC\DemoVC\Debug\link.19776.write.1.tlog
E:\Ref Code\Ethernet-Multi-Axis\Public\DemoVC\DemoVC\Debug\link.19776-cvtres.read.1.tlog
E:\Ref Code\Ethernet-Multi-Axis\Public\DemoVC\DemoVC\Debug\link.19776-cvtres.write.1.tlog
E:\Ref Code\Ethernet-Multi-Axis\Public\DemoVC\DemoVC\Debug\link.20216.read.1.tlog
E:\Ref Code\Ethernet-Multi-Axis\Public\DemoVC\DemoVC\Debug\link.20216.write.1.tlog
E:\Ref Code\Ethernet-Multi-Axis\Public\DemoVC\DemoVC\Debug\link.20216-cvtres.read.1.tlog
E:\Ref Code\Ethernet-Multi-Axis\Public\DemoVC\DemoVC\Debug\link.20216-cvtres.write.1.tlog
E:\Ref Code\Ethernet-Multi-Axis\Public\DemoVC\DemoVC\Debug\link.20352.read.1.tlog
E:\Ref Code\Ethernet-Multi-Axis\Public\DemoVC\DemoVC\Debug\link.20352.write.1.tlog
E:\Ref Code\Ethernet-Multi-Axis\Public\DemoVC\DemoVC\Debug\link.20352-cvtres.read.1.tlog
E:\Ref Code\Ethernet-Multi-Axis\Public\DemoVC\DemoVC\Debug\link.20352-cvtres.write.1.tlog
E:\Ref Code\Ethernet-Multi-Axis\Public\DemoVC\DemoVC\Debug\link.21472.read.1.tlog
E:\Ref Code\Ethernet-Multi-Axis\Public\DemoVC\DemoVC\Debug\link.21472.write.1.tlog
E:\Ref Code\Ethernet-Multi-Axis\Public\DemoVC\DemoVC\Debug\link.2504.read.1.tlog
E:\Ref Code\Ethernet-Multi-Axis\Public\DemoVC\DemoVC\Debug\link.2504.write.1.tlog
E:\Ref Code\Ethernet-Multi-Axis\Public\DemoVC\DemoVC\Debug\link.2504-cvtres.read.1.tlog
E:\Ref Code\Ethernet-Multi-Axis\Public\DemoVC\DemoVC\Debug\link.2504-cvtres.write.1.tlog
E:\Ref Code\Ethernet-Multi-Axis\Public\DemoVC\DemoVC\Debug\link.2720.read.1.tlog
E:\Ref Code\Ethernet-Multi-Axis\Public\DemoVC\DemoVC\Debug\link.2720.write.1.tlog
E:\Ref Code\Ethernet-Multi-Axis\Public\DemoVC\DemoVC\Debug\link.2720-cvtres.read.1.tlog
E:\Ref Code\Ethernet-Multi-Axis\Public\DemoVC\DemoVC\Debug\link.2720-cvtres.write.1.tlog
E:\Ref Code\Ethernet-Multi-Axis\Public\DemoVC\DemoVC\Debug\link.2924.read.1.tlog
E:\Ref Code\Ethernet-Multi-Axis\Public\DemoVC\DemoVC\Debug\link.2924.write.1.tlog
E:\Ref Code\Ethernet-Multi-Axis\Public\DemoVC\DemoVC\Debug\link.2924-cvtres.read.1.tlog
E:\Ref Code\Ethernet-Multi-Axis\Public\DemoVC\DemoVC\Debug\link.2924-cvtres.write.1.tlog
E:\Ref Code\Ethernet-Multi-Axis\Public\DemoVC\DemoVC\Debug\link.29296.read.1.tlog
E:\Ref Code\Ethernet-Multi-Axis\Public\DemoVC\DemoVC\Debug\link.29296.write.1.tlog
E:\Ref Code\Ethernet-Multi-Axis\Public\DemoVC\DemoVC\Debug\link.29296-cvtres.read.1.tlog
E:\Ref Code\Ethernet-Multi-Axis\Public\DemoVC\DemoVC\Debug\link.29296-cvtres.write.1.tlog
E:\Ref Code\Ethernet-Multi-Axis\Public\DemoVC\DemoVC\Debug\link.30596.read.1.tlog
E:\Ref Code\Ethernet-Multi-Axis\Public\DemoVC\DemoVC\Debug\link.30596.write.1.tlog
E:\Ref Code\Ethernet-Multi-Axis\Public\DemoVC\DemoVC\Debug\link.30596-cvtres.read.1.tlog
E:\Ref Code\Ethernet-Multi-Axis\Public\DemoVC\DemoVC\Debug\link.30596-cvtres.write.1.tlog
E:\Ref Code\Ethernet-Multi-Axis\Public\DemoVC\DemoVC\Debug\link.31380.read.1.tlog
E:\Ref Code\Ethernet-Multi-Axis\Public\DemoVC\DemoVC\Debug\link.31380.write.1.tlog
E:\Ref Code\Ethernet-Multi-Axis\Public\DemoVC\DemoVC\Debug\link.31380-cvtres.read.1.tlog
E:\Ref Code\Ethernet-Multi-Axis\Public\DemoVC\DemoVC\Debug\link.31380-cvtres.write.1.tlog
E:\Ref Code\Ethernet-Multi-Axis\Public\DemoVC\DemoVC\Debug\link.32424.read.1.tlog
E:\Ref Code\Ethernet-Multi-Axis\Public\DemoVC\DemoVC\Debug\link.32424.write.1.tlog
E:\Ref Code\Ethernet-Multi-Axis\Public\DemoVC\DemoVC\Debug\link.32424-cvtres.read.1.tlog
E:\Ref Code\Ethernet-Multi-Axis\Public\DemoVC\DemoVC\Debug\link.32424-cvtres.write.1.tlog
E:\Ref Code\Ethernet-Multi-Axis\Public\DemoVC\DemoVC\Debug\link.3336.read.1.tlog
E:\Ref Code\Ethernet-Multi-Axis\Public\DemoVC\DemoVC\Debug\link.3336.write.1.tlog
E:\Ref Code\Ethernet-Multi-Axis\Public\DemoVC\DemoVC\Debug\link.3336-cvtres.read.1.tlog
E:\Ref Code\Ethernet-Multi-Axis\Public\DemoVC\DemoVC\Debug\link.3336-cvtres.write.1.tlog
E:\Ref Code\Ethernet-Multi-Axis\Public\DemoVC\DemoVC\Debug\link.3340.read.1.tlog
E:\Ref Code\Ethernet-Multi-Axis\Public\DemoVC\DemoVC\Debug\link.3340.write.1.tlog
E:\Ref Code\Ethernet-Multi-Axis\Public\DemoVC\DemoVC\Debug\link.3340-cvtres.read.1.tlog
E:\Ref Code\Ethernet-Multi-Axis\Public\DemoVC\DemoVC\Debug\link.3340-cvtres.write.1.tlog
E:\Ref Code\Ethernet-Multi-Axis\Public\DemoVC\DemoVC\Debug\link.3372.read.1.tlog
E:\Ref Code\Ethernet-Multi-Axis\Public\DemoVC\DemoVC\Debug\link.3372.write.1.tlog
E:\Ref Code\Ethernet-Multi-Axis\Public\DemoVC\DemoVC\Debug\link.3372-cvtres.read.1.tlog
E:\Ref Code\Ethernet-Multi-Axis\Public\DemoVC\DemoVC\Debug\link.3372-cvtres.write.1.tlog
E:\Ref Code\Ethernet-Multi-Axis\Public\DemoVC\DemoVC\Debug\link.34144.read.1.tlog
E:\Ref Code\Ethernet-Multi-Axis\Public\DemoVC\DemoVC\Debug\link.34144.write.1.tlog
E:\Ref Code\Ethernet-Multi-Axis\Public\DemoVC\DemoVC\Debug\link.34144-cvtres.read.1.tlog
E:\Ref Code\Ethernet-Multi-Axis\Public\DemoVC\DemoVC\Debug\link.34144-cvtres.write.1.tlog
E:\Ref Code\Ethernet-Multi-Axis\Public\DemoVC\DemoVC\Debug\link.34920.read.1.tlog
E:\Ref Code\Ethernet-Multi-Axis\Public\DemoVC\DemoVC\Debug\link.34920.write.1.tlog
E:\Ref Code\Ethernet-Multi-Axis\Public\DemoVC\DemoVC\Debug\link.34920-cvtres.read.1.tlog
E:\Ref Code\Ethernet-Multi-Axis\Public\DemoVC\DemoVC\Debug\link.34920-cvtres.write.1.tlog
E:\Ref Code\Ethernet-Multi-Axis\Public\DemoVC\DemoVC\Debug\link.3568.read.1.tlog
E:\Ref Code\Ethernet-Multi-Axis\Public\DemoVC\DemoVC\Debug\link.3568.write.1.tlog
E:\Ref Code\Ethernet-Multi-Axis\Public\DemoVC\DemoVC\Debug\link.3568-cvtres.read.1.tlog
E:\Ref Code\Ethernet-Multi-Axis\Public\DemoVC\DemoVC\Debug\link.3568-cvtres.write.1.tlog
E:\Ref Code\Ethernet-Multi-Axis\Public\DemoVC\DemoVC\Debug\link.36436.read.1.tlog
E:\Ref Code\Ethernet-Multi-Axis\Public\DemoVC\DemoVC\Debug\link.36436.write.1.tlog
E:\Ref Code\Ethernet-Multi-Axis\Public\DemoVC\DemoVC\Debug\link.36436-cvtres.read.1.tlog
E:\Ref Code\Ethernet-Multi-Axis\Public\DemoVC\DemoVC\Debug\link.36436-cvtres.write.1.tlog
E:\Ref Code\Ethernet-Multi-Axis\Public\DemoVC\DemoVC\Debug\link.36792.read.1.tlog
E:\Ref Code\Ethernet-Multi-Axis\Public\DemoVC\DemoVC\Debug\link.36792.write.1.tlog
E:\Ref Code\Ethernet-Multi-Axis\Public\DemoVC\DemoVC\Debug\link.36792-cvtres.read.1.tlog
E:\Ref Code\Ethernet-Multi-Axis\Public\DemoVC\DemoVC\Debug\link.36792-cvtres.write.1.tlog
E:\Ref Code\Ethernet-Multi-Axis\Public\DemoVC\DemoVC\Debug\link.39492.read.1.tlog
E:\Ref Code\Ethernet-Multi-Axis\Public\DemoVC\DemoVC\Debug\link.39492.write.1.tlog
E:\Ref Code\Ethernet-Multi-Axis\Public\DemoVC\DemoVC\Debug\link.39492-cvtres.read.1.tlog
E:\Ref Code\Ethernet-Multi-Axis\Public\DemoVC\DemoVC\Debug\link.39492-cvtres.write.1.tlog
E:\Ref Code\Ethernet-Multi-Axis\Public\DemoVC\DemoVC\Debug\link.4292.read.1.tlog
E:\Ref Code\Ethernet-Multi-Axis\Public\DemoVC\DemoVC\Debug\link.4292.write.1.tlog
E:\Ref Code\Ethernet-Multi-Axis\Public\DemoVC\DemoVC\Debug\link.4292-cvtres.read.1.tlog
E:\Ref Code\Ethernet-Multi-Axis\Public\DemoVC\DemoVC\Debug\link.4292-cvtres.write.1.tlog
E:\Ref Code\Ethernet-Multi-Axis\Public\DemoVC\DemoVC\Debug\link.4408.read.1.tlog
E:\Ref Code\Ethernet-Multi-Axis\Public\DemoVC\DemoVC\Debug\link.4408.write.1.tlog
E:\Ref Code\Ethernet-Multi-Axis\Public\DemoVC\DemoVC\Debug\link.4408-cvtres.read.1.tlog
E:\Ref Code\Ethernet-Multi-Axis\Public\DemoVC\DemoVC\Debug\link.4408-cvtres.write.1.tlog
E:\Ref Code\Ethernet-Multi-Axis\Public\DemoVC\DemoVC\Debug\link.4452.read.1.tlog
E:\Ref Code\Ethernet-Multi-Axis\Public\DemoVC\DemoVC\Debug\link.4452.write.1.tlog
E:\Ref Code\Ethernet-Multi-Axis\Public\DemoVC\DemoVC\Debug\link.4452-cvtres.read.1.tlog
E:\Ref Code\Ethernet-Multi-Axis\Public\DemoVC\DemoVC\Debug\link.4452-cvtres.write.1.tlog
E:\Ref Code\Ethernet-Multi-Axis\Public\DemoVC\DemoVC\Debug\link.4820.read.1.tlog
E:\Ref Code\Ethernet-Multi-Axis\Public\DemoVC\DemoVC\Debug\link.4820.write.1.tlog
E:\Ref Code\Ethernet-Multi-Axis\Public\DemoVC\DemoVC\Debug\link.4820-cvtres.read.1.tlog
E:\Ref Code\Ethernet-Multi-Axis\Public\DemoVC\DemoVC\Debug\link.4820-cvtres.write.1.tlog
E:\Ref Code\Ethernet-Multi-Axis\Public\DemoVC\DemoVC\Debug\link.4924.read.1.tlog
E:\Ref Code\Ethernet-Multi-Axis\Public\DemoVC\DemoVC\Debug\link.4924.write.1.tlog
E:\Ref Code\Ethernet-Multi-Axis\Public\DemoVC\DemoVC\Debug\link.4924-cvtres.read.1.tlog
E:\Ref Code\Ethernet-Multi-Axis\Public\DemoVC\DemoVC\Debug\link.4924-cvtres.write.1.tlog
E:\Ref Code\Ethernet-Multi-Axis\Public\DemoVC\DemoVC\Debug\link.50448.read.1.tlog
E:\Ref Code\Ethernet-Multi-Axis\Public\DemoVC\DemoVC\Debug\link.50448.write.1.tlog
E:\Ref Code\Ethernet-Multi-Axis\Public\DemoVC\DemoVC\Debug\link.50448-cvtres.read.1.tlog
E:\Ref Code\Ethernet-Multi-Axis\Public\DemoVC\DemoVC\Debug\link.50448-cvtres.write.1.tlog
E:\Ref Code\Ethernet-Multi-Axis\Public\DemoVC\DemoVC\Debug\link.6188.read.1.tlog
E:\Ref Code\Ethernet-Multi-Axis\Public\DemoVC\DemoVC\Debug\link.6188.write.1.tlog
E:\Ref Code\Ethernet-Multi-Axis\Public\DemoVC\DemoVC\Debug\link.6188-cvtres.read.1.tlog
E:\Ref Code\Ethernet-Multi-Axis\Public\DemoVC\DemoVC\Debug\link.6188-cvtres.write.1.tlog
E:\Ref Code\Ethernet-Multi-Axis\Public\DemoVC\DemoVC\Debug\link.6336.read.1.tlog
E:\Ref Code\Ethernet-Multi-Axis\Public\DemoVC\DemoVC\Debug\link.6336.write.1.tlog
E:\Ref Code\Ethernet-Multi-Axis\Public\DemoVC\DemoVC\Debug\link.6336-cvtres.read.1.tlog
E:\Ref Code\Ethernet-Multi-Axis\Public\DemoVC\DemoVC\Debug\link.6336-cvtres.write.1.tlog
E:\Ref Code\Ethernet-Multi-Axis\Public\DemoVC\DemoVC\Debug\link.6424.read.1.tlog
E:\Ref Code\Ethernet-Multi-Axis\Public\DemoVC\DemoVC\Debug\link.6424.write.1.tlog
E:\Ref Code\Ethernet-Multi-Axis\Public\DemoVC\DemoVC\Debug\link.6424-cvtres.read.1.tlog
E:\Ref Code\Ethernet-Multi-Axis\Public\DemoVC\DemoVC\Debug\link.6424-cvtres.write.1.tlog
E:\Ref Code\Ethernet-Multi-Axis\Public\DemoVC\DemoVC\Debug\link.6764.read.1.tlog
E:\Ref Code\Ethernet-Multi-Axis\Public\DemoVC\DemoVC\Debug\link.6764.write.1.tlog
E:\Ref Code\Ethernet-Multi-Axis\Public\DemoVC\DemoVC\Debug\link.6764-cvtres.read.1.tlog
E:\Ref Code\Ethernet-Multi-Axis\Public\DemoVC\DemoVC\Debug\link.6764-cvtres.write.1.tlog
E:\Ref Code\Ethernet-Multi-Axis\Public\DemoVC\DemoVC\Debug\link.7228.read.1.tlog
E:\Ref Code\Ethernet-Multi-Axis\Public\DemoVC\DemoVC\Debug\link.7228.write.1.tlog
E:\Ref Code\Ethernet-Multi-Axis\Public\DemoVC\DemoVC\Debug\link.7228-cvtres.read.1.tlog
E:\Ref Code\Ethernet-Multi-Axis\Public\DemoVC\DemoVC\Debug\link.7228-cvtres.write.1.tlog
E:\Ref Code\Ethernet-Multi-Axis\Public\DemoVC\DemoVC\Debug\link.7248.read.1.tlog
E:\Ref Code\Ethernet-Multi-Axis\Public\DemoVC\DemoVC\Debug\link.7248.write.1.tlog
E:\Ref Code\Ethernet-Multi-Axis\Public\DemoVC\DemoVC\Debug\link.7248-cvtres.read.1.tlog
E:\Ref Code\Ethernet-Multi-Axis\Public\DemoVC\DemoVC\Debug\link.7248-cvtres.write.1.tlog
E:\Ref Code\Ethernet-Multi-Axis\Public\DemoVC\DemoVC\Debug\link.7652.read.1.tlog
E:\Ref Code\Ethernet-Multi-Axis\Public\DemoVC\DemoVC\Debug\link.7652.write.1.tlog
E:\Ref Code\Ethernet-Multi-Axis\Public\DemoVC\DemoVC\Debug\link.7652-cvtres.read.1.tlog
E:\Ref Code\Ethernet-Multi-Axis\Public\DemoVC\DemoVC\Debug\link.7652-cvtres.write.1.tlog
E:\Ref Code\Ethernet-Multi-Axis\Public\DemoVC\DemoVC\Debug\link.7956.read.1.tlog
E:\Ref Code\Ethernet-Multi-Axis\Public\DemoVC\DemoVC\Debug\link.7956.write.1.tlog
E:\Ref Code\Ethernet-Multi-Axis\Public\DemoVC\DemoVC\Debug\link.7956-cvtres.read.1.tlog
E:\Ref Code\Ethernet-Multi-Axis\Public\DemoVC\DemoVC\Debug\link.7956-cvtres.write.1.tlog
E:\Ref Code\Ethernet-Multi-Axis\Public\DemoVC\DemoVC\Debug\link.8324.read.1.tlog
E:\Ref Code\Ethernet-Multi-Axis\Public\DemoVC\DemoVC\Debug\link.8324.write.1.tlog
E:\Ref Code\Ethernet-Multi-Axis\Public\DemoVC\DemoVC\Debug\link.8324-cvtres.read.1.tlog
E:\Ref Code\Ethernet-Multi-Axis\Public\DemoVC\DemoVC\Debug\link.8324-cvtres.write.1.tlog
E:\Ref Code\Ethernet-Multi-Axis\Public\DemoVC\DemoVC\Debug\link.8360.read.1.tlog
E:\Ref Code\Ethernet-Multi-Axis\Public\DemoVC\DemoVC\Debug\link.8360.write.1.tlog
E:\Ref Code\Ethernet-Multi-Axis\Public\DemoVC\DemoVC\Debug\link.8360-cvtres.read.1.tlog
E:\Ref Code\Ethernet-Multi-Axis\Public\DemoVC\DemoVC\Debug\link.8360-cvtres.write.1.tlog
E:\Ref Code\Ethernet-Multi-Axis\Public\DemoVC\DemoVC\Debug\link.8428.read.1.tlog
E:\Ref Code\Ethernet-Multi-Axis\Public\DemoVC\DemoVC\Debug\link.8428.write.1.tlog
E:\Ref Code\Ethernet-Multi-Axis\Public\DemoVC\DemoVC\Debug\link.8428-cvtres.read.1.tlog
E:\Ref Code\Ethernet-Multi-Axis\Public\DemoVC\DemoVC\Debug\link.8428-cvtres.write.1.tlog
E:\Ref Code\Ethernet-Multi-Axis\Public\DemoVC\DemoVC\Debug\link.8552.read.1.tlog
E:\Ref Code\Ethernet-Multi-Axis\Public\DemoVC\DemoVC\Debug\link.8552.write.1.tlog
E:\Ref Code\Ethernet-Multi-Axis\Public\DemoVC\DemoVC\Debug\link.8552-cvtres.read.1.tlog
E:\Ref Code\Ethernet-Multi-Axis\Public\DemoVC\DemoVC\Debug\link.8552-cvtres.write.1.tlog
E:\Ref Code\Ethernet-Multi-Axis\Public\DemoVC\DemoVC\Debug\link.8612.read.1.tlog
E:\Ref Code\Ethernet-Multi-Axis\Public\DemoVC\DemoVC\Debug\link.8612.write.1.tlog
E:\Ref Code\Ethernet-Multi-Axis\Public\DemoVC\DemoVC\Debug\link.8612-cvtres.read.1.tlog
E:\Ref Code\Ethernet-Multi-Axis\Public\DemoVC\DemoVC\Debug\link.8612-cvtres.write.1.tlog
E:\Ref Code\Ethernet-Multi-Axis\Public\DemoVC\DemoVC\Debug\link.8844.read.1.tlog
E:\Ref Code\Ethernet-Multi-Axis\Public\DemoVC\DemoVC\Debug\link.8844.write.1.tlog
E:\Ref Code\Ethernet-Multi-Axis\Public\DemoVC\DemoVC\Debug\link.8844-cvtres.read.1.tlog
E:\Ref Code\Ethernet-Multi-Axis\Public\DemoVC\DemoVC\Debug\link.8844-cvtres.write.1.tlog
E:\Ref Code\Ethernet-Multi-Axis\Public\DemoVC\DemoVC\Debug\link.8876.read.1.tlog
E:\Ref Code\Ethernet-Multi-Axis\Public\DemoVC\DemoVC\Debug\link.8876.write.1.tlog
E:\Ref Code\Ethernet-Multi-Axis\Public\DemoVC\DemoVC\Debug\link.8876-cvtres.read.1.tlog
E:\Ref Code\Ethernet-Multi-Axis\Public\DemoVC\DemoVC\Debug\link.8876-cvtres.write.1.tlog
E:\Ref Code\Ethernet-Multi-Axis\Public\DemoVC\DemoVC\Debug\link.9912.read.1.tlog
E:\Ref Code\Ethernet-Multi-Axis\Public\DemoVC\DemoVC\Debug\link.9912.write.1.tlog
E:\Ref Code\Ethernet-Multi-Axis\Public\DemoVC\DemoVC\Debug\link.9912-cvtres.read.1.tlog
E:\Ref Code\Ethernet-Multi-Axis\Public\DemoVC\DemoVC\Debug\link.9912-cvtres.write.1.tlog
E:\Ref Code\Ethernet-Multi-Axis\Public\DemoVC\DemoVC\Debug\link.command.1.tlog
E:\Ref Code\Ethernet-Multi-Axis\Public\DemoVC\DemoVC\Debug\link.read.1.tlog
E:\Ref Code\Ethernet-Multi-Axis\Public\DemoVC\DemoVC\Debug\link.write.1.tlog
E:\Ref Code\Ethernet-Multi-Axis\Public\DemoVC\DemoVC\Debug\link-cvtres.read.1.tlog
E:\Ref Code\Ethernet-Multi-Axis\Public\DemoVC\DemoVC\Debug\link-cvtres.write.1.tlog
E:\Ref Code\Ethernet-Multi-Axis\Public\DemoVC\DemoVC\Debug\mt.command.1.tlog
E:\Ref Code\Ethernet-Multi-Axis\Public\DemoVC\DemoVC\Debug\mt.read.1.tlog
E:\Ref Code\Ethernet-Multi-Axis\Public\DemoVC\DemoVC\Debug\mt.write.1.tlog
E:\Ref Code\Ethernet-Multi-Axis\Public\DemoVC\DemoVC\Debug\rc.command.1.tlog
E:\Ref Code\Ethernet-Multi-Axis\Public\DemoVC\DemoVC\Debug\rc.read.1.tlog
E:\Ref Code\Ethernet-Multi-Axis\Public\DemoVC\DemoVC\Debug\rc.write.1.tlog
E:\REF CODE\ETHERNET-MULTI-AXIS\PUBLIC\DEMOVC\DEMOVC\DEBUG\STDAFX.OBJ
E:\Ref Code\Ethernet-Multi-Axis\Public\DemoVC\DemoVC\Debug\vc100.idb
E:\REF CODE\ETHERNET-MULTI-AXIS\PUBLIC\DEMOVC\DEMOVC\DEBUG\VC100.PDB
E:\REF CODE\ETHERNET-MULTI-AXIS\PUBLIC\DEMOVC-WIN32\DEBUG\DEMOVC.EXE
E:\REF CODE\ETHERNET-MULTI-AXIS\PUBLIC\DEMOVC-WIN32\DEBUG\DEMOVC.ILK
E:\REF CODE\ETHERNET-MULTI-AXIS\PUBLIC\DEMOVC-WIN32\DEBUG\DEMOVC.PDB
E:\REF CODE\ETHERNET-MULTI-AXIS\PUBLIC\DEMOVC-WIN32\DEMOVC\DEBUG\DEMOVC.EXE.EMBED.MANIFEST.RES
E:\REF CODE\ETHERNET-MULTI-AXIS\PUBLIC\DEMOVC-WIN32\DEMOVC\DEBUG\DEMOVC.EXE.INTERMEDIATE.MANIFEST
E:\REF CODE\ETHERNET-MULTI-AXIS\PUBLIC\DEMOVC-WIN32\DEMOVC\DEBUG\DEMOVC.OBJ
E:\REF CODE\ETHERNET-MULTI-AXIS\PUBLIC\DEMOVC-WIN32\DEMOVC\DEBUG\DEMOVC.PCH
E:\REF CODE\ETHERNET-MULTI-AXIS\PUBLIC\DEMOVC-WIN32\DEMOVC\DEBUG\DEMOVC.RES
E:\REF CODE\ETHERNET-MULTI-AXIS\PUBLIC\DEMOVC-WIN32\DEMOVC\DEBUG\DEMOVCDLG.OBJ
E:\REF CODE\ETHERNET-MULTI-AXIS\PUBLIC\DEMOVC-WIN32\DEMOVC\DEBUG\STDAFX.OBJ
E:\REF CODE\ETHERNET-MULTI-AXIS\PUBLIC\DEMOVC-WIN32\DEMOVC\DEBUG\VC100.PDB
E:\REF CODE\ETHERNET-MULTI-AXIS\PUBLIC\坐标系直线插补\DEBUG\DEMOVC.EXE
E:\REF CODE\ETHERNET-MULTI-AXIS\PUBLIC\坐标系直线插补\DEBUG\DEMOVC.ILK
E:\REF CODE\ETHERNET-MULTI-AXIS\PUBLIC\坐标系直线插补\DEBUG\DEMOVC.PDB
E:\REF CODE\ETHERNET-MULTI-AXIS\PUBLIC\坐标系直线插补\DEMOVC\DEBUG\DEMOVC.EXE.EMBED.MANIFEST
E:\REF CODE\ETHERNET-MULTI-AXIS\PUBLIC\坐标系直线插补\DEMOVC\DEBUG\DEMOVC.EXE.EMBED.MANIFEST.RES
E:\REF CODE\ETHERNET-MULTI-AXIS\PUBLIC\坐标系直线插补\DEMOVC\DEBUG\DEMOVC.EXE.INTERMEDIATE.MANIFEST
E:\REF CODE\ETHERNET-MULTI-AXIS\PUBLIC\坐标系直线插补\DEMOVC\DEBUG\DEMOVC.OBJ
E:\REF CODE\ETHERNET-MULTI-AXIS\PUBLIC\坐标系直线插补\DEMOVC\DEBUG\DEMOVC.PCH
E:\REF CODE\ETHERNET-MULTI-AXIS\PUBLIC\坐标系直线插补\DEMOVC\DEBUG\DEMOVC.RES
E:\REF CODE\ETHERNET-MULTI-AXIS\PUBLIC\坐标系直线插补\DEMOVC\DEBUG\DEMOVCDLG.OBJ
E:\REF CODE\ETHERNET-MULTI-AXIS\PUBLIC\坐标系直线插补\DEMOVC\DEBUG\STDAFX.OBJ
E:\REF CODE\ETHERNET-MULTI-AXIS\PUBLIC\坐标系直线插补\DEMOVC\DEBUG\VC100.PDB
