生成启动时间为 2021/2/19 17:21:38。
     1>项目“C:\Users\manyi\Desktop\DemoVC\DemoVC\DemoVC.vcxproj”在节点 2 上(build 个目标)。
     1>InitializeBuildStatus:
         正在对“Debug\DemoVC.unsuccessfulbuild”执行 Touch 任务。
       ClCompile:
         所有输出均为最新。
         所有输出均为最新。
       ResourceCompile:
         所有输出均为最新。
       ManifestResourceCompile:
         所有输出均为最新。
       Link:
         C:\Program Files (x86)\Microsoft Visual Studio 10.0\VC\bin\link.exe /ERRORREPORT:PROMPT /OUT:"C:\Users\manyi\Desktop\DemoVC\Debug\DemoVC.exe" /INCREMENTAL /NOLOGO /MANIFEST /ManifestFile:"Debug\DemoVC.exe.intermediate.manifest" /MANIFESTUAC:"level='asInvoker' uiAccess='false'" /DEBUG /PDB:"C:\Users\manyi\Desktop\DemoVC\Debug\DemoVC.pdb" /SUBSYSTEM:WINDOWS /TLBID:1 /DYNAMICBASE /NXCOMPAT /IMPLIB:"C:\Users\manyi\Desktop\DemoVC\Debug\DemoVC.lib" /MACHINE:X86 Debug\DemoVC.res
         Debug\DemoVC.exe.embed.manifest.res
         Debug\DemoVC.obj
         Debug\DemoVCDlg.obj
         Debug\stdafx.obj
       Manifest:
         C:\Program Files (x86)\Microsoft SDKs\Windows\v7.0A\bin\mt.exe /nologo /verbose /out:"Debug\DemoVC.exe.embed.manifest" /manifest Debug\DemoVC.exe.intermediate.manifest "C:\Program Files (x86)\Microsoft Visual Studio 10.0\VC\Include\Manifest\dpiaware.manifest"
         所有输出均为最新。
       LinkEmbedManifest:
         所有输出均为最新。
         DemoVC.vcxproj -> C:\Users\manyi\Desktop\DemoVC\Debug\DemoVC.exe
       FinalizeBuildStatus:
         正在删除文件“Debug\DemoVC.unsuccessfulbuild”。
         正在对“Debug\DemoVC.lastbuildstate”执行 Touch 任务。
     1>已完成生成项目“C:\Users\manyi\Desktop\DemoVC\DemoVC\DemoVC.vcxproj”(build 个目标)的操作。

生成成功。

已用时间 00:00:01.70
